DEBUG main org.apache.ibatis.logging.LogFactory - Logging initialized using 'class org.apache.ibatis.logging.log4j.Log4jImpl' adapter.
DEBUG main org.apache.ibatis.io.VFS - Using VFS adapter org.apache.ibatis.io.JBoss6VFS
DEBUG main org.apache.ibatis.io.ResolverUtil - Checking to see if class com.css0115.pojo.IdCard matches criteria [is assignable to Object]
DEBUG main org.apache.ibatis.io.ResolverUtil - Checking to see if class com.css0115.pojo.Product matches criteria [is assignable to Object]
DEBUG main org.apache.ibatis.io.ResolverUtil - Checking to see if class com.css0115.pojo.ProductCategory matches criteria [is assignable to Object]
DEBUG main org.apache.ibatis.io.ResolverUtil - Checking to see if class com.css0115.pojo.Role matches criteria [is assignable to Object]
DEBUG main org.apache.ibatis.io.ResolverUtil - Checking to see if class com.css0115.pojo.User matches criteria [is assignable to Object]
DEBUG main org.apache.ibatis.datasource.pooled.PooledDataSource - PooledDataSource forcefully closed/removed all connections.
DEBUG main org.apache.ibatis.datasource.pooled.PooledDataSource - PooledDataSource forcefully closed/removed all connections.
DEBUG main org.apache.ibatis.datasource.pooled.PooledDataSource - PooledDataSource forcefully closed/removed all connections.
DEBUG main org.apache.ibatis.datasource.pooled.PooledDataSource - PooledDataSource forcefully closed/removed all connections.
DEBUG main org.apache.ibatis.logging.LogFactory - Logging initialized using 'class org.apache.ibatis.logging.log4j.Log4jImpl' adapter.
DEBUG main org.apache.ibatis.io.VFS - Using VFS adapter org.apache.ibatis.io.JBoss6VFS
DEBUG main org.apache.ibatis.io.ResolverUtil - Checking to see if class com.css0115.pojo.IdCard matches criteria [is assignable to Object]
DEBUG main org.apache.ibatis.io.ResolverUtil - Checking to see if class com.css0115.pojo.Product matches criteria [is assignable to Object]
DEBUG main org.apache.ibatis.io.ResolverUtil - Checking to see if class com.css0115.pojo.ProductCategory matches criteria [is assignable to Object]
DEBUG main org.apache.ibatis.io.ResolverUtil - Checking to see if class com.css0115.pojo.Role matches criteria [is assignable to Object]
DEBUG main org.apache.ibatis.io.ResolverUtil - Checking to see if class com.css0115.pojo.User matches criteria [is assignable to Object]
DEBUG main org.apache.ibatis.datasource.pooled.PooledDataSource - PooledDataSource forcefully closed/removed all connections.
DEBUG main org.apache.ibatis.datasource.pooled.PooledDataSource - PooledDataSource forcefully closed/removed all connections.
DEBUG main org.apache.ibatis.datasource.pooled.PooledDataSource - PooledDataSource forcefully closed/removed all connections.
DEBUG main org.apache.ibatis.datasource.pooled.PooledDataSource - PooledDataSource forcefully closed/removed all connections.
DEBUG main org.apache.ibatis.logging.LogFactory - Logging initialized using 'class org.apache.ibatis.logging.log4j.Log4jImpl' adapter.
DEBUG main org.apache.ibatis.io.VFS - Using VFS adapter org.apache.ibatis.io.JBoss6VFS
DEBUG main org.apache.ibatis.io.ResolverUtil - Checking to see if class com.css0115.pojo.IdCard matches criteria [is assignable to Object]
DEBUG main org.apache.ibatis.io.ResolverUtil - Checking to see if class com.css0115.pojo.Product matches criteria [is assignable to Object]
DEBUG main org.apache.ibatis.io.ResolverUtil - Checking to see if class com.css0115.pojo.ProductCategory matches criteria [is assignable to Object]
DEBUG main org.apache.ibatis.io.ResolverUtil - Checking to see if class com.css0115.pojo.Role matches criteria [is assignable to Object]
DEBUG main org.apache.ibatis.io.ResolverUtil - Checking to see if class com.css0115.pojo.User matches criteria [is assignable to Object]
DEBUG main org.apache.ibatis.datasource.pooled.PooledDataSource - PooledDataSource forcefully closed/removed all connections.
DEBUG main org.apache.ibatis.datasource.pooled.PooledDataSource - PooledDataSource forcefully closed/removed all connections.
DEBUG main org.apache.ibatis.datasource.pooled.PooledDataSource - PooledDataSource forcefully closed/removed all connections.
DEBUG main org.apache.ibatis.datasource.pooled.PooledDataSource - PooledDataSource forcefully closed/removed all connections.
DEBUG main org.apache.ibatis.transaction.jdbc.JdbcTransaction - Opening JDBC Connection
DEBUG main org.apache.ibatis.datasource.pooled.PooledDataSource - Created connection 1183888521.
DEBUG main org.apache.ibatis.transaction.jdbc.JdbcTransaction - Setting autocommit to false on JDBC Connection [com.mysql.cj.jdbc.ConnectionImpl@4690b489]
DEBUG main com.css0115.dao.RoleMapper.getRoleById - ==>  Preparing: SELECT r.id rid, r.roleName , r.roleCode ,u.* FROM tb_role r,tb_user u WHERE r.id=u.userRole AND r.id = ?
DEBUG main com.css0115.dao.RoleMapper.getRoleById - ==> Parameters: 3(Integer)
DEBUG main com.css0115.dao.RoleMapper.getRoleById - <==      Total: 8
DEBUG main org.apache.ibatis.transaction.jdbc.JdbcTransaction - Resetting autocommit to true on JDBC Connection [com.mysql.cj.jdbc.ConnectionImpl@4690b489]
DEBUG main org.apache.ibatis.transaction.jdbc.JdbcTransaction - Closing JDBC Connection [com.mysql.cj.jdbc.ConnectionImpl@4690b489]
DEBUG main org.apache.ibatis.datasource.pooled.PooledDataSource - Returned connection 1183888521 to pool.
DEBUG main org.apache.ibatis.logging.LogFactory - Logging initialized using 'class org.apache.ibatis.logging.log4j.Log4jImpl' adapter.
DEBUG main org.apache.ibatis.io.VFS - Using VFS adapter org.apache.ibatis.io.JBoss6VFS
DEBUG main org.apache.ibatis.io.ResolverUtil - Checking to see if class com.css0115.pojo.IdCard matches criteria [is assignable to Object]
DEBUG main org.apache.ibatis.io.ResolverUtil - Checking to see if class com.css0115.pojo.Product matches criteria [is assignable to Object]
DEBUG main org.apache.ibatis.io.ResolverUtil - Checking to see if class com.css0115.pojo.ProductCategory matches criteria [is assignable to Object]
DEBUG main org.apache.ibatis.io.ResolverUtil - Checking to see if class com.css0115.pojo.Role matches criteria [is assignable to Object]
DEBUG main org.apache.ibatis.io.ResolverUtil - Checking to see if class com.css0115.pojo.User matches criteria [is assignable to Object]
DEBUG main org.apache.ibatis.datasource.pooled.PooledDataSource - PooledDataSource forcefully closed/removed all connections.
DEBUG main org.apache.ibatis.datasource.pooled.PooledDataSource - PooledDataSource forcefully closed/removed all connections.
DEBUG main org.apache.ibatis.datasource.pooled.PooledDataSource - PooledDataSource forcefully closed/removed all connections.
DEBUG main org.apache.ibatis.datasource.pooled.PooledDataSource - PooledDataSource forcefully closed/removed all connections.
DEBUG main org.apache.ibatis.transaction.jdbc.JdbcTransaction - Opening JDBC Connection
DEBUG main org.apache.ibatis.datasource.pooled.PooledDataSource - Created connection 1262607708.
DEBUG main org.apache.ibatis.transaction.jdbc.JdbcTransaction - Setting autocommit to false on JDBC Connection [com.mysql.cj.jdbc.ConnectionImpl@4b41dd5c]
DEBUG main com.css0115.dao.ProductMapper.getProduct - ==>  Preparing: SELECT c.id cid, c.name cname,p.* FROM tb_product_category c,tb_product p WHERE c.id=p.categoryLevel1Id ORDER BY c.id
DEBUG main com.css0115.dao.ProductMapper.getProduct - ==> Parameters: 
DEBUG main com.css0115.dao.ProductMapper.getProduct - <==      Total: 12
DEBUG main org.apache.ibatis.transaction.jdbc.JdbcTransaction - Resetting autocommit to true on JDBC Connection [com.mysql.cj.jdbc.ConnectionImpl@4b41dd5c]
DEBUG main org.apache.ibatis.transaction.jdbc.JdbcTransaction - Closing JDBC Connection [com.mysql.cj.jdbc.ConnectionImpl@4b41dd5c]
DEBUG main org.apache.ibatis.datasource.pooled.PooledDataSource - Returned connection 1262607708 to pool.
DEBUG main com.css0115.test.ProductMapperTest - getProductListTest pList.size : 6
DEBUG main com.css0115.test.ProductMapperTest - 商品类别ID:1  商品类别名称 :食品
DEBUG main com.css0115.test.ProductMapperTest -  -- 商品名称：苹果  商品价格： 5.00  商品库存：100.00
DEBUG main com.css0115.test.ProductMapperTest -  -- 商品名称：西瓜  商品价格： 2.50  商品库存：500.00
DEBUG main com.css0115.test.ProductMapperTest -  -- 商品名称：德芙巧克力  商品价格： 5.00  商品库存：100.00
DEBUG main com.css0115.test.ProductMapperTest - 商品类别ID:2  商品类别名称 :饮料烟酒
DEBUG main com.css0115.test.ProductMapperTest -  -- 商品名称：可口可乐 500ml  商品价格： 3.00  商品库存：200.00
DEBUG main com.css0115.test.ProductMapperTest -  -- 商品名称：百事可乐500ml  商品价格： 3.00  商品库存：2000.00
DEBUG main com.css0115.test.ProductMapperTest -  -- 商品名称：七喜 350ml  商品价格： 2.50  商品库存：51.00
DEBUG main com.css0115.test.ProductMapperTest - 商品类别ID:6  商品类别名称 :日配类
DEBUG main com.css0115.test.ProductMapperTest -  -- 商品名称：蒙牛250ml牛奶  商品价格： 3.00  商品库存：200.00
DEBUG main com.css0115.test.ProductMapperTest - 商品类别ID:8  商品类别名称 :文体办公
DEBUG main com.css0115.test.ProductMapperTest -  -- 商品名称：晨光中性笔  商品价格： 3.00  商品库存：50.00
DEBUG main com.css0115.test.ProductMapperTest -  -- 商品名称：得力中性笔  商品价格： 3.00  商品库存：50.00
DEBUG main com.css0115.test.ProductMapperTest -  -- 商品名称：白雪中性笔  商品价格： 2.00  商品库存：50.00
DEBUG main com.css0115.test.ProductMapperTest - 商品类别ID:9  商品类别名称 :五金家电
DEBUG main com.css0115.test.ProductMapperTest -  -- 商品名称：联想笔记本  商品价格： 5000.00  商品库存：20.00
DEBUG main com.css0115.test.ProductMapperTest - 商品类别ID:11  商品类别名称 :洗涤日化
DEBUG main com.css0115.test.ProductMapperTest -  -- 商品名称：威猛先生洁厕剂500ml  商品价格： 8.00  商品库存：20.00
DEBUG main org.apache.ibatis.logging.LogFactory - Logging initialized using 'class org.apache.ibatis.logging.log4j.Log4jImpl' adapter.
DEBUG main org.apache.ibatis.io.VFS - Using VFS adapter org.apache.ibatis.io.JBoss6VFS
DEBUG main org.apache.ibatis.io.ResolverUtil - Checking to see if class com.css0115.pojo.IdCard matches criteria [is assignable to Object]
DEBUG main org.apache.ibatis.io.ResolverUtil - Checking to see if class com.css0115.pojo.Product matches criteria [is assignable to Object]
DEBUG main org.apache.ibatis.io.ResolverUtil - Checking to see if class com.css0115.pojo.ProductCategory matches criteria [is assignable to Object]
DEBUG main org.apache.ibatis.io.ResolverUtil - Checking to see if class com.css0115.pojo.Role matches criteria [is assignable to Object]
DEBUG main org.apache.ibatis.io.ResolverUtil - Checking to see if class com.css0115.pojo.User matches criteria [is assignable to Object]
DEBUG main org.apache.ibatis.datasource.pooled.PooledDataSource - PooledDataSource forcefully closed/removed all connections.
DEBUG main org.apache.ibatis.datasource.pooled.PooledDataSource - PooledDataSource forcefully closed/removed all connections.
DEBUG main org.apache.ibatis.datasource.pooled.PooledDataSource - PooledDataSource forcefully closed/removed all connections.
DEBUG main org.apache.ibatis.datasource.pooled.PooledDataSource - PooledDataSource forcefully closed/removed all connections.
DEBUG main org.apache.ibatis.transaction.jdbc.JdbcTransaction - Opening JDBC Connection
DEBUG main org.apache.ibatis.datasource.pooled.PooledDataSource - Created connection 2041605291.
DEBUG main org.apache.ibatis.transaction.jdbc.JdbcTransaction - Setting autocommit to false on JDBC Connection [com.mysql.cj.jdbc.ConnectionImpl@79b06cab]
DEBUG main com.css0115.dao.ProductMapper.getProduct - ==>  Preparing: SELECT c.id cid, c.name cname,p.* FROM tb_product_category c,tb_product p WHERE c.id=p.categoryLevel1Id ORDER BY c.id
DEBUG main com.css0115.dao.ProductMapper.getProduct - ==> Parameters: 
DEBUG main com.css0115.dao.ProductMapper.getProduct - <==      Total: 12
DEBUG main org.apache.ibatis.transaction.jdbc.JdbcTransaction - Resetting autocommit to true on JDBC Connection [com.mysql.cj.jdbc.ConnectionImpl@79b06cab]
DEBUG main org.apache.ibatis.transaction.jdbc.JdbcTransaction - Closing JDBC Connection [com.mysql.cj.jdbc.ConnectionImpl@79b06cab]
DEBUG main org.apache.ibatis.datasource.pooled.PooledDataSource - Returned connection 2041605291 to pool.
DEBUG main com.css0115.test.ProductMapperTest - getProductListTest pList.size : 6
DEBUG main com.css0115.test.ProductMapperTest - 商品类别ID:1  商品类别名称 :食品
DEBUG main com.css0115.test.ProductMapperTest -  -- 商品名称：苹果  商品价格： 5.00  商品库存：100.00
DEBUG main com.css0115.test.ProductMapperTest -  -- 商品名称：西瓜  商品价格： 2.50  商品库存：500.00
DEBUG main com.css0115.test.ProductMapperTest -  -- 商品名称：德芙巧克力  商品价格： 5.00  商品库存：100.00
DEBUG main com.css0115.test.ProductMapperTest - 商品类别ID:2  商品类别名称 :饮料烟酒
DEBUG main com.css0115.test.ProductMapperTest -  -- 商品名称：可口可乐 500ml  商品价格： 3.00  商品库存：200.00
DEBUG main com.css0115.test.ProductMapperTest -  -- 商品名称：百事可乐500ml  商品价格： 3.00  商品库存：2000.00
DEBUG main com.css0115.test.ProductMapperTest -  -- 商品名称：七喜 350ml  商品价格： 2.50  商品库存：51.00
DEBUG main com.css0115.test.ProductMapperTest - 商品类别ID:6  商品类别名称 :日配类
DEBUG main com.css0115.test.ProductMapperTest -  -- 商品名称：蒙牛250ml牛奶  商品价格： 3.00  商品库存：200.00
DEBUG main com.css0115.test.ProductMapperTest - 商品类别ID:8  商品类别名称 :文体办公
DEBUG main com.css0115.test.ProductMapperTest -  -- 商品名称：晨光中性笔  商品价格： 3.00  商品库存：50.00
DEBUG main com.css0115.test.ProductMapperTest -  -- 商品名称：得力中性笔  商品价格： 3.00  商品库存：50.00
DEBUG main com.css0115.test.ProductMapperTest -  -- 商品名称：白雪中性笔  商品价格： 2.00  商品库存：50.00
DEBUG main com.css0115.test.ProductMapperTest - 商品类别ID:9  商品类别名称 :五金家电
DEBUG main com.css0115.test.ProductMapperTest -  -- 商品名称：联想笔记本  商品价格： 5000.00  商品库存：20.00
DEBUG main com.css0115.test.ProductMapperTest - 商品类别ID:11  商品类别名称 :洗涤日化
DEBUG main com.css0115.test.ProductMapperTest -  -- 商品名称：威猛先生洁厕剂500ml  商品价格： 8.00  商品库存：20.00
DEBUG main org.apache.ibatis.logging.LogFactory - Logging initialized using 'class org.apache.ibatis.logging.log4j.Log4jImpl' adapter.
DEBUG main org.apache.ibatis.io.VFS - Using VFS adapter org.apache.ibatis.io.JBoss6VFS
DEBUG main org.apache.ibatis.io.ResolverUtil - Checking to see if class com.css0115.pojo.IdCard matches criteria [is assignable to Object]
DEBUG main org.apache.ibatis.io.ResolverUtil - Checking to see if class com.css0115.pojo.Order matches criteria [is assignable to Object]
DEBUG main org.apache.ibatis.io.ResolverUtil - Checking to see if class com.css0115.pojo.Product matches criteria [is assignable to Object]
DEBUG main org.apache.ibatis.io.ResolverUtil - Checking to see if class com.css0115.pojo.ProductCategory matches criteria [is assignable to Object]
DEBUG main org.apache.ibatis.io.ResolverUtil - Checking to see if class com.css0115.pojo.Role matches criteria [is assignable to Object]
DEBUG main org.apache.ibatis.io.ResolverUtil - Checking to see if class com.css0115.pojo.User matches criteria [is assignable to Object]
DEBUG main org.apache.ibatis.datasource.pooled.PooledDataSource - PooledDataSource forcefully closed/removed all connections.
DEBUG main org.apache.ibatis.datasource.pooled.PooledDataSource - PooledDataSource forcefully closed/removed all connections.
DEBUG main org.apache.ibatis.datasource.pooled.PooledDataSource - PooledDataSource forcefully closed/removed all connections.
DEBUG main org.apache.ibatis.datasource.pooled.PooledDataSource - PooledDataSource forcefully closed/removed all connections.
DEBUG main com.css0115.test.OrderMapperTest - getOrderListTest oList.size : 0
DEBUG main org.apache.ibatis.logging.LogFactory - Logging initialized using 'class org.apache.ibatis.logging.log4j.Log4jImpl' adapter.
DEBUG main org.apache.ibatis.io.VFS - Using VFS adapter org.apache.ibatis.io.JBoss6VFS
DEBUG main org.apache.ibatis.io.ResolverUtil - Checking to see if class com.css0115.pojo.IdCard matches criteria [is assignable to Object]
DEBUG main org.apache.ibatis.io.ResolverUtil - Checking to see if class com.css0115.pojo.Order matches criteria [is assignable to Object]
DEBUG main org.apache.ibatis.io.ResolverUtil - Checking to see if class com.css0115.pojo.Product matches criteria [is assignable to Object]
DEBUG main org.apache.ibatis.io.ResolverUtil - Checking to see if class com.css0115.pojo.ProductCategory matches criteria [is assignable to Object]
DEBUG main org.apache.ibatis.io.ResolverUtil - Checking to see if class com.css0115.pojo.Role matches criteria [is assignable to Object]
DEBUG main org.apache.ibatis.io.ResolverUtil - Checking to see if class com.css0115.pojo.User matches criteria [is assignable to Object]
DEBUG main org.apache.ibatis.datasource.pooled.PooledDataSource - PooledDataSource forcefully closed/removed all connections.
DEBUG main org.apache.ibatis.datasource.pooled.PooledDataSource - PooledDataSource forcefully closed/removed all connections.
DEBUG main org.apache.ibatis.datasource.pooled.PooledDataSource - PooledDataSource forcefully closed/removed all connections.
DEBUG main org.apache.ibatis.datasource.pooled.PooledDataSource - PooledDataSource forcefully closed/removed all connections.
DEBUG main org.apache.ibatis.transaction.jdbc.JdbcTransaction - Opening JDBC Connection
DEBUG main org.apache.ibatis.datasource.pooled.PooledDataSource - Created connection 1205406622.
DEBUG main org.apache.ibatis.transaction.jdbc.JdbcTransaction - Setting autocommit to false on JDBC Connection [com.mysql.cj.jdbc.ConnectionImpl@47d90b9e]
DEBUG main com.css0115.dao.OrderMapper.getOrder1 - ==>  Preparing: SELECT * FROM tb_order ORDER BY id
DEBUG main com.css0115.dao.OrderMapper.getOrder1 - ==> Parameters: 
DEBUG main org.apache.ibatis.transaction.jdbc.JdbcTransaction - Resetting autocommit to true on JDBC Connection [com.mysql.cj.jdbc.ConnectionImpl@47d90b9e]
DEBUG main org.apache.ibatis.transaction.jdbc.JdbcTransaction - Closing JDBC Connection [com.mysql.cj.jdbc.ConnectionImpl@47d90b9e]
DEBUG main org.apache.ibatis.datasource.pooled.PooledDataSource - Returned connection 1205406622 to pool.
DEBUG main com.css0115.test.OrderMapperTest - getOrderListTest oList.size : 0
DEBUG main org.apache.ibatis.logging.LogFactory - Logging initialized using 'class org.apache.ibatis.logging.log4j.Log4jImpl' adapter.
DEBUG main org.apache.ibatis.io.VFS - Using VFS adapter org.apache.ibatis.io.JBoss6VFS
DEBUG main org.apache.ibatis.io.ResolverUtil - Checking to see if class com.css0115.pojo.IdCard matches criteria [is assignable to Object]
DEBUG main org.apache.ibatis.io.ResolverUtil - Checking to see if class com.css0115.pojo.Order matches criteria [is assignable to Object]
DEBUG main org.apache.ibatis.io.ResolverUtil - Checking to see if class com.css0115.pojo.Product matches criteria [is assignable to Object]
DEBUG main org.apache.ibatis.io.ResolverUtil - Checking to see if class com.css0115.pojo.ProductCategory matches criteria [is assignable to Object]
DEBUG main org.apache.ibatis.io.ResolverUtil - Checking to see if class com.css0115.pojo.Role matches criteria [is assignable to Object]
DEBUG main org.apache.ibatis.io.ResolverUtil - Checking to see if class com.css0115.pojo.User matches criteria [is assignable to Object]
DEBUG main org.apache.ibatis.datasource.pooled.PooledDataSource - PooledDataSource forcefully closed/removed all connections.
DEBUG main org.apache.ibatis.datasource.pooled.PooledDataSource - PooledDataSource forcefully closed/removed all connections.
DEBUG main org.apache.ibatis.datasource.pooled.PooledDataSource - PooledDataSource forcefully closed/removed all connections.
DEBUG main org.apache.ibatis.datasource.pooled.PooledDataSource - PooledDataSource forcefully closed/removed all connections.
DEBUG main org.apache.ibatis.transaction.jdbc.JdbcTransaction - Opening JDBC Connection
DEBUG main org.apache.ibatis.datasource.pooled.PooledDataSource - Created connection 1205406622.
DEBUG main org.apache.ibatis.transaction.jdbc.JdbcTransaction - Setting autocommit to false on JDBC Connection [com.mysql.cj.jdbc.ConnectionImpl@47d90b9e]
DEBUG main com.css0115.dao.OrderMapper.getOrder1 - ==>  Preparing: SELECT * FROM tb_order ORDER BY id
DEBUG main com.css0115.dao.OrderMapper.getOrder1 - ==> Parameters: 
DEBUG main org.apache.ibatis.transaction.jdbc.JdbcTransaction - Resetting autocommit to true on JDBC Connection [com.mysql.cj.jdbc.ConnectionImpl@47d90b9e]
DEBUG main org.apache.ibatis.transaction.jdbc.JdbcTransaction - Closing JDBC Connection [com.mysql.cj.jdbc.ConnectionImpl@47d90b9e]
DEBUG main org.apache.ibatis.datasource.pooled.PooledDataSource - Returned connection 1205406622 to pool.
DEBUG main com.css0115.test.OrderMapperTest - getOrderListTest oList.size : 0
DEBUG main org.apache.ibatis.logging.LogFactory - Logging initialized using 'class org.apache.ibatis.logging.log4j.Log4jImpl' adapter.
DEBUG main org.apache.ibatis.io.VFS - Using VFS adapter org.apache.ibatis.io.JBoss6VFS
DEBUG main org.apache.ibatis.io.ResolverUtil - Checking to see if class com.css0115.pojo.IdCard matches criteria [is assignable to Object]
DEBUG main org.apache.ibatis.io.ResolverUtil - Checking to see if class com.css0115.pojo.Order matches criteria [is assignable to Object]
DEBUG main org.apache.ibatis.io.ResolverUtil - Checking to see if class com.css0115.pojo.Product matches criteria [is assignable to Object]
DEBUG main org.apache.ibatis.io.ResolverUtil - Checking to see if class com.css0115.pojo.ProductCategory matches criteria [is assignable to Object]
DEBUG main org.apache.ibatis.io.ResolverUtil - Checking to see if class com.css0115.pojo.Role matches criteria [is assignable to Object]
DEBUG main org.apache.ibatis.io.ResolverUtil - Checking to see if class com.css0115.pojo.User matches criteria [is assignable to Object]
DEBUG main org.apache.ibatis.datasource.pooled.PooledDataSource - PooledDataSource forcefully closed/removed all connections.
DEBUG main org.apache.ibatis.datasource.pooled.PooledDataSource - PooledDataSource forcefully closed/removed all connections.
DEBUG main org.apache.ibatis.datasource.pooled.PooledDataSource - PooledDataSource forcefully closed/removed all connections.
DEBUG main org.apache.ibatis.datasource.pooled.PooledDataSource - PooledDataSource forcefully closed/removed all connections.
DEBUG main org.apache.ibatis.transaction.jdbc.JdbcTransaction - Opening JDBC Connection
DEBUG main org.apache.ibatis.datasource.pooled.PooledDataSource - Created connection 1541857308.
DEBUG main org.apache.ibatis.transaction.jdbc.JdbcTransaction - Setting autocommit to false on JDBC Connection [com.mysql.cj.jdbc.ConnectionImpl@5be6e01c]
DEBUG main com.css0115.dao.OrderMapper.getOrder1 - ==>  Preparing: SELECT * FROM tb_order ORDER BY id
DEBUG main com.css0115.dao.OrderMapper.getOrder1 - ==> Parameters: 
DEBUG main com.css0115.dao.OrderMapper.getOrder1 - <==      Total: 6
DEBUG main org.apache.ibatis.transaction.jdbc.JdbcTransaction - Resetting autocommit to true on JDBC Connection [com.mysql.cj.jdbc.ConnectionImpl@5be6e01c]
DEBUG main org.apache.ibatis.transaction.jdbc.JdbcTransaction - Closing JDBC Connection [com.mysql.cj.jdbc.ConnectionImpl@5be6e01c]
DEBUG main org.apache.ibatis.datasource.pooled.PooledDataSource - Returned connection 1541857308 to pool.
DEBUG main com.css0115.test.OrderMapperTest - getOrderListTest oList.size : 6
DEBUG main com.css0115.test.OrderMapperTest - 订单编号:1  收货人： 张三  收货地址 :北京市花园路小区
DEBUG main org.apache.ibatis.transaction.jdbc.JdbcTransaction - Opening JDBC Connection
DEBUG main org.apache.ibatis.datasource.pooled.PooledDataSource - Checked out connection 1541857308 from pool.
DEBUG main org.apache.ibatis.transaction.jdbc.JdbcTransaction - Setting autocommit to false on JDBC Connection [com.mysql.cj.jdbc.ConnectionImpl@5be6e01c]
DEBUG main com.css0115.dao.ProductMapper.getProduct - ==>  Preparing: SELECT * FROM tb_product WHERE id IN (SELECT productId FROM tb_order_detail WHERE orderId=?)
DEBUG main com.css0115.dao.ProductMapper.getProduct - ==> Parameters: 1(Integer)
DEBUG main com.css0115.dao.ProductMapper.getProduct - <==      Total: 4
DEBUG main org.apache.ibatis.transaction.jdbc.JdbcTransaction - Resetting autocommit to true on JDBC Connection [com.mysql.cj.jdbc.ConnectionImpl@5be6e01c]
DEBUG main org.apache.ibatis.transaction.jdbc.JdbcTransaction - Closing JDBC Connection [com.mysql.cj.jdbc.ConnectionImpl@5be6e01c]
DEBUG main org.apache.ibatis.datasource.pooled.PooledDataSource - Returned connection 1541857308 to pool.
DEBUG main com.css0115.test.OrderMapperTest -  -- 商品名称：苹果  商品价格： 5.00
DEBUG main com.css0115.test.OrderMapperTest -  -- 商品名称：西瓜  商品价格： 2.50
DEBUG main com.css0115.test.OrderMapperTest -  -- 商品名称：德芙巧克力  商品价格： 5.00
DEBUG main com.css0115.test.OrderMapperTest -  -- 商品名称：蒙牛250ml牛奶  商品价格： 3.00
DEBUG main com.css0115.test.OrderMapperTest - 订单编号:2  收货人： 张三  收货地址 :北京市海淀区成府路
DEBUG main org.apache.ibatis.transaction.jdbc.JdbcTransaction - Opening JDBC Connection
DEBUG main org.apache.ibatis.datasource.pooled.PooledDataSource - Checked out connection 1541857308 from pool.
DEBUG main org.apache.ibatis.transaction.jdbc.JdbcTransaction - Setting autocommit to false on JDBC Connection [com.mysql.cj.jdbc.ConnectionImpl@5be6e01c]
DEBUG main com.css0115.dao.ProductMapper.getProduct - ==>  Preparing: SELECT * FROM tb_product WHERE id IN (SELECT productId FROM tb_order_detail WHERE orderId=?)
DEBUG main com.css0115.dao.ProductMapper.getProduct - ==> Parameters: 2(Integer)
DEBUG main com.css0115.dao.ProductMapper.getProduct - <==      Total: 1
DEBUG main org.apache.ibatis.transaction.jdbc.JdbcTransaction - Resetting autocommit to true on JDBC Connection [com.mysql.cj.jdbc.ConnectionImpl@5be6e01c]
DEBUG main org.apache.ibatis.transaction.jdbc.JdbcTransaction - Closing JDBC Connection [com.mysql.cj.jdbc.ConnectionImpl@5be6e01c]
DEBUG main org.apache.ibatis.datasource.pooled.PooledDataSource - Returned connection 1541857308 to pool.
DEBUG main com.css0115.test.OrderMapperTest -  -- 商品名称：西瓜  商品价格： 2.50
DEBUG main com.css0115.test.OrderMapperTest - 订单编号:3  收货人： 李四  收货地址 :北京市海淀区大有庄
DEBUG main org.apache.ibatis.transaction.jdbc.JdbcTransaction - Opening JDBC Connection
DEBUG main org.apache.ibatis.datasource.pooled.PooledDataSource - Checked out connection 1541857308 from pool.
DEBUG main org.apache.ibatis.transaction.jdbc.JdbcTransaction - Setting autocommit to false on JDBC Connection [com.mysql.cj.jdbc.ConnectionImpl@5be6e01c]
DEBUG main com.css0115.dao.ProductMapper.getProduct - ==>  Preparing: SELECT * FROM tb_product WHERE id IN (SELECT productId FROM tb_order_detail WHERE orderId=?)
DEBUG main com.css0115.dao.ProductMapper.getProduct - ==> Parameters: 3(Integer)
DEBUG main com.css0115.dao.ProductMapper.getProduct - <==      Total: 3
DEBUG main org.apache.ibatis.transaction.jdbc.JdbcTransaction - Resetting autocommit to true on JDBC Connection [com.mysql.cj.jdbc.ConnectionImpl@5be6e01c]
DEBUG main org.apache.ibatis.transaction.jdbc.JdbcTransaction - Closing JDBC Connection [com.mysql.cj.jdbc.ConnectionImpl@5be6e01c]
DEBUG main org.apache.ibatis.datasource.pooled.PooledDataSource - Returned connection 1541857308 to pool.
DEBUG main com.css0115.test.OrderMapperTest -  -- 商品名称：德芙巧克力  商品价格： 5.00
DEBUG main com.css0115.test.OrderMapperTest -  -- 商品名称：西瓜  商品价格： 2.50
DEBUG main com.css0115.test.OrderMapperTest -  -- 商品名称：蒙牛250ml牛奶  商品价格： 3.00
DEBUG main com.css0115.test.OrderMapperTest - 订单编号:4  收货人： 王五  收货地址 :湖南长沙
DEBUG main org.apache.ibatis.transaction.jdbc.JdbcTransaction - Opening JDBC Connection
DEBUG main org.apache.ibatis.datasource.pooled.PooledDataSource - Checked out connection 1541857308 from pool.
DEBUG main org.apache.ibatis.transaction.jdbc.JdbcTransaction - Setting autocommit to false on JDBC Connection [com.mysql.cj.jdbc.ConnectionImpl@5be6e01c]
DEBUG main com.css0115.dao.ProductMapper.getProduct - ==>  Preparing: SELECT * FROM tb_product WHERE id IN (SELECT productId FROM tb_order_detail WHERE orderId=?)
DEBUG main com.css0115.dao.ProductMapper.getProduct - ==> Parameters: 4(Integer)
DEBUG main com.css0115.dao.ProductMapper.getProduct - <==      Total: 1
DEBUG main org.apache.ibatis.transaction.jdbc.JdbcTransaction - Resetting autocommit to true on JDBC Connection [com.mysql.cj.jdbc.ConnectionImpl@5be6e01c]
DEBUG main org.apache.ibatis.transaction.jdbc.JdbcTransaction - Closing JDBC Connection [com.mysql.cj.jdbc.ConnectionImpl@5be6e01c]
DEBUG main org.apache.ibatis.datasource.pooled.PooledDataSource - Returned connection 1541857308 to pool.
DEBUG main com.css0115.test.OrderMapperTest -  -- 商品名称：联想笔记本  商品价格： 5000.00
DEBUG main com.css0115.test.OrderMapperTest - 订单编号:5  收货人： 王五  收货地址 :湖南长沙
DEBUG main org.apache.ibatis.transaction.jdbc.JdbcTransaction - Opening JDBC Connection
DEBUG main org.apache.ibatis.datasource.pooled.PooledDataSource - Checked out connection 1541857308 from pool.
DEBUG main org.apache.ibatis.transaction.jdbc.JdbcTransaction - Setting autocommit to false on JDBC Connection [com.mysql.cj.jdbc.ConnectionImpl@5be6e01c]
DEBUG main com.css0115.dao.ProductMapper.getProduct - ==>  Preparing: SELECT * FROM tb_product WHERE id IN (SELECT productId FROM tb_order_detail WHERE orderId=?)
DEBUG main com.css0115.dao.ProductMapper.getProduct - ==> Parameters: 5(Integer)
DEBUG main com.css0115.dao.ProductMapper.getProduct - <==      Total: 1
DEBUG main org.apache.ibatis.transaction.jdbc.JdbcTransaction - Resetting autocommit to true on JDBC Connection [com.mysql.cj.jdbc.ConnectionImpl@5be6e01c]
DEBUG main org.apache.ibatis.transaction.jdbc.JdbcTransaction - Closing JDBC Connection [com.mysql.cj.jdbc.ConnectionImpl@5be6e01c]
DEBUG main org.apache.ibatis.datasource.pooled.PooledDataSource - Returned connection 1541857308 to pool.
DEBUG main com.css0115.test.OrderMapperTest -  -- 商品名称：西瓜  商品价格： 2.50
DEBUG main com.css0115.test.OrderMapperTest - 订单编号:6  收货人： 王五  收货地址 :湖南长沙
DEBUG main org.apache.ibatis.transaction.jdbc.JdbcTransaction - Opening JDBC Connection
DEBUG main org.apache.ibatis.datasource.pooled.PooledDataSource - Checked out connection 1541857308 from pool.
DEBUG main org.apache.ibatis.transaction.jdbc.JdbcTransaction - Setting autocommit to false on JDBC Connection [com.mysql.cj.jdbc.ConnectionImpl@5be6e01c]
DEBUG main com.css0115.dao.ProductMapper.getProduct - ==>  Preparing: SELECT * FROM tb_product WHERE id IN (SELECT productId FROM tb_order_detail WHERE orderId=?)
DEBUG main com.css0115.dao.ProductMapper.getProduct - ==> Parameters: 6(Integer)
DEBUG main com.css0115.dao.ProductMapper.getProduct - <==      Total: 1
DEBUG main org.apache.ibatis.transaction.jdbc.JdbcTransaction - Resetting autocommit to true on JDBC Connection [com.mysql.cj.jdbc.ConnectionImpl@5be6e01c]
DEBUG main org.apache.ibatis.transaction.jdbc.JdbcTransaction - Closing JDBC Connection [com.mysql.cj.jdbc.ConnectionImpl@5be6e01c]
DEBUG main org.apache.ibatis.datasource.pooled.PooledDataSource - Returned connection 1541857308 to pool.
DEBUG main com.css0115.test.OrderMapperTest -  -- 商品名称：西瓜  商品价格： 2.50
DEBUG main org.apache.ibatis.logging.LogFactory - Logging initialized using 'class org.apache.ibatis.logging.log4j.Log4jImpl' adapter.
DEBUG main org.apache.ibatis.io.VFS - Using VFS adapter org.apache.ibatis.io.JBoss6VFS
DEBUG main org.apache.ibatis.io.ResolverUtil - Checking to see if class com.css0115.pojo.IdCard matches criteria [is assignable to Object]
DEBUG main org.apache.ibatis.io.ResolverUtil - Checking to see if class com.css0115.pojo.Order matches criteria [is assignable to Object]
DEBUG main org.apache.ibatis.io.ResolverUtil - Checking to see if class com.css0115.pojo.Product matches criteria [is assignable to Object]
DEBUG main org.apache.ibatis.io.ResolverUtil - Checking to see if class com.css0115.pojo.ProductCategory matches criteria [is assignable to Object]
DEBUG main org.apache.ibatis.io.ResolverUtil - Checking to see if class com.css0115.pojo.Role matches criteria [is assignable to Object]
DEBUG main org.apache.ibatis.io.ResolverUtil - Checking to see if class com.css0115.pojo.Student matches criteria [is assignable to Object]
DEBUG main org.apache.ibatis.io.ResolverUtil - Checking to see if class com.css0115.pojo.Teacher matches criteria [is assignable to Object]
DEBUG main org.apache.ibatis.io.ResolverUtil - Checking to see if class com.css0115.pojo.User matches criteria [is assignable to Object]
DEBUG main org.apache.ibatis.datasource.pooled.PooledDataSource - PooledDataSource forcefully closed/removed all connections.
DEBUG main org.apache.ibatis.datasource.pooled.PooledDataSource - PooledDataSource forcefully closed/removed all connections.
DEBUG main org.apache.ibatis.datasource.pooled.PooledDataSource - PooledDataSource forcefully closed/removed all connections.
DEBUG main org.apache.ibatis.datasource.pooled.PooledDataSource - PooledDataSource forcefully closed/removed all connections.
DEBUG main org.apache.ibatis.transaction.jdbc.JdbcTransaction - Opening JDBC Connection
DEBUG main org.apache.ibatis.datasource.pooled.PooledDataSource - Created connection 581318631.
DEBUG main org.apache.ibatis.transaction.jdbc.JdbcTransaction - Setting autocommit to false on JDBC Connection [com.mysql.cj.jdbc.ConnectionImpl@22a637e7]
DEBUG main com.css0115.dao.TeacherMapper.getAllTeachers - ==>  Preparing: SELECT * FROM teacher WHERE id = ? ORDER BY id
DEBUG main com.css0115.dao.TeacherMapper.getAllTeachers - ==> Parameters: 1(Integer)
DEBUG main com.css0115.dao.TeacherMapper.getAllTeachers - <==      Total: 0
DEBUG main org.apache.ibatis.transaction.jdbc.JdbcTransaction - Resetting autocommit to true on JDBC Connection [com.mysql.cj.jdbc.ConnectionImpl@22a637e7]
DEBUG main org.apache.ibatis.transaction.jdbc.JdbcTransaction - Closing JDBC Connection [com.mysql.cj.jdbc.ConnectionImpl@22a637e7]
DEBUG main org.apache.ibatis.datasource.pooled.PooledDataSource - Returned connection 581318631 to pool.
DEBUG main org.apache.ibatis.logging.LogFactory - Logging initialized using 'class org.apache.ibatis.logging.log4j.Log4jImpl' adapter.
DEBUG main org.apache.ibatis.io.VFS - Using VFS adapter org.apache.ibatis.io.JBoss6VFS
DEBUG main org.apache.ibatis.io.ResolverUtil - Checking to see if class com.css0115.pojo.IdCard matches criteria [is assignable to Object]
DEBUG main org.apache.ibatis.io.ResolverUtil - Checking to see if class com.css0115.pojo.Order matches criteria [is assignable to Object]
DEBUG main org.apache.ibatis.io.ResolverUtil - Checking to see if class com.css0115.pojo.Product matches criteria [is assignable to Object]
DEBUG main org.apache.ibatis.io.ResolverUtil - Checking to see if class com.css0115.pojo.ProductCategory matches criteria [is assignable to Object]
DEBUG main org.apache.ibatis.io.ResolverUtil - Checking to see if class com.css0115.pojo.Role matches criteria [is assignable to Object]
DEBUG main org.apache.ibatis.io.ResolverUtil - Checking to see if class com.css0115.pojo.Student matches criteria [is assignable to Object]
DEBUG main org.apache.ibatis.io.ResolverUtil - Checking to see if class com.css0115.pojo.Teacher matches criteria [is assignable to Object]
DEBUG main org.apache.ibatis.io.ResolverUtil - Checking to see if class com.css0115.pojo.User matches criteria [is assignable to Object]
DEBUG main org.apache.ibatis.datasource.pooled.PooledDataSource - PooledDataSource forcefully closed/removed all connections.
DEBUG main org.apache.ibatis.datasource.pooled.PooledDataSource - PooledDataSource forcefully closed/removed all connections.
DEBUG main org.apache.ibatis.datasource.pooled.PooledDataSource - PooledDataSource forcefully closed/removed all connections.
DEBUG main org.apache.ibatis.datasource.pooled.PooledDataSource - PooledDataSource forcefully closed/removed all connections.
DEBUG main org.apache.ibatis.transaction.jdbc.JdbcTransaction - Opening JDBC Connection
DEBUG main org.apache.ibatis.datasource.pooled.PooledDataSource - Created connection 581318631.
DEBUG main org.apache.ibatis.transaction.jdbc.JdbcTransaction - Setting autocommit to false on JDBC Connection [com.mysql.cj.jdbc.ConnectionImpl@22a637e7]
DEBUG main com.css0115.dao.TeacherMapper.getAllTeachers - ==>  Preparing: SELECT * FROM teacher WHERE id = ? ORDER BY id
DEBUG main com.css0115.dao.TeacherMapper.getAllTeachers - ==> Parameters: 1(Integer)
DEBUG main org.apache.ibatis.transaction.jdbc.JdbcTransaction - Resetting autocommit to true on JDBC Connection [com.mysql.cj.jdbc.ConnectionImpl@22a637e7]
DEBUG main org.apache.ibatis.transaction.jdbc.JdbcTransaction - Closing JDBC Connection [com.mysql.cj.jdbc.ConnectionImpl@22a637e7]
DEBUG main org.apache.ibatis.datasource.pooled.PooledDataSource - Returned connection 581318631 to pool.
DEBUG main org.apache.ibatis.logging.LogFactory - Logging initialized using 'class org.apache.ibatis.logging.log4j.Log4jImpl' adapter.
DEBUG main org.apache.ibatis.io.VFS - Using VFS adapter org.apache.ibatis.io.JBoss6VFS
DEBUG main org.apache.ibatis.io.ResolverUtil - Checking to see if class com.css0115.pojo.IdCard matches criteria [is assignable to Object]
DEBUG main org.apache.ibatis.io.ResolverUtil - Checking to see if class com.css0115.pojo.Order matches criteria [is assignable to Object]
DEBUG main org.apache.ibatis.io.ResolverUtil - Checking to see if class com.css0115.pojo.Product matches criteria [is assignable to Object]
DEBUG main org.apache.ibatis.io.ResolverUtil - Checking to see if class com.css0115.pojo.ProductCategory matches criteria [is assignable to Object]
DEBUG main org.apache.ibatis.io.ResolverUtil - Checking to see if class com.css0115.pojo.Role matches criteria [is assignable to Object]
DEBUG main org.apache.ibatis.io.ResolverUtil - Checking to see if class com.css0115.pojo.Student matches criteria [is assignable to Object]
DEBUG main org.apache.ibatis.io.ResolverUtil - Checking to see if class com.css0115.pojo.Teacher matches criteria [is assignable to Object]
DEBUG main org.apache.ibatis.io.ResolverUtil - Checking to see if class com.css0115.pojo.User matches criteria [is assignable to Object]
DEBUG main org.apache.ibatis.datasource.pooled.PooledDataSource - PooledDataSource forcefully closed/removed all connections.
DEBUG main org.apache.ibatis.datasource.pooled.PooledDataSource - PooledDataSource forcefully closed/removed all connections.
DEBUG main org.apache.ibatis.datasource.pooled.PooledDataSource - PooledDataSource forcefully closed/removed all connections.
DEBUG main org.apache.ibatis.datasource.pooled.PooledDataSource - PooledDataSource forcefully closed/removed all connections.
DEBUG main org.apache.ibatis.transaction.jdbc.JdbcTransaction - Opening JDBC Connection
DEBUG main org.apache.ibatis.datasource.pooled.PooledDataSource - Created connection 581318631.
DEBUG main org.apache.ibatis.transaction.jdbc.JdbcTransaction - Setting autocommit to false on JDBC Connection [com.mysql.cj.jdbc.ConnectionImpl@22a637e7]
DEBUG main com.css0115.dao.TeacherMapper.getAllTeachers - ==>  Preparing: SELECT * FROM teacher WHERE id = ? ORDER BY id
DEBUG main com.css0115.dao.TeacherMapper.getAllTeachers - ==> Parameters: 1(Integer)
DEBUG main com.css0115.dao.TeacherMapper.getAllTeachers - <==      Total: 1
DEBUG main com.css0115.dao.StudentMapper.getAllStudent - ==>  Preparing: SELECT s.id, s.student_number, s.name, s.gender, s.create_time FROM student s JOIN teacher_student ts ON s.id = ts.student_id WHERE ts.teacher_id = ?
DEBUG main com.css0115.dao.StudentMapper.getAllStudent - ==> Parameters: 1(Integer)
DEBUG main com.css0115.dao.StudentMapper.getAllStudent - <==      Total: 9
DEBUG main org.apache.ibatis.transaction.jdbc.JdbcTransaction - Resetting autocommit to true on JDBC Connection [com.mysql.cj.jdbc.ConnectionImpl@22a637e7]
DEBUG main org.apache.ibatis.transaction.jdbc.JdbcTransaction - Closing JDBC Connection [com.mysql.cj.jdbc.ConnectionImpl@22a637e7]
DEBUG main org.apache.ibatis.datasource.pooled.PooledDataSource - Returned connection 581318631 to pool.
DEBUG main org.apache.ibatis.logging.LogFactory - Logging initialized using 'class org.apache.ibatis.logging.log4j.Log4jImpl' adapter.
DEBUG main org.apache.ibatis.io.VFS - Using VFS adapter org.apache.ibatis.io.JBoss6VFS
DEBUG main org.apache.ibatis.io.ResolverUtil - Checking to see if class com.css0115.pojo.IdCard matches criteria [is assignable to Object]
DEBUG main org.apache.ibatis.io.ResolverUtil - Checking to see if class com.css0115.pojo.Order matches criteria [is assignable to Object]
DEBUG main org.apache.ibatis.io.ResolverUtil - Checking to see if class com.css0115.pojo.Product matches criteria [is assignable to Object]
DEBUG main org.apache.ibatis.io.ResolverUtil - Checking to see if class com.css0115.pojo.ProductCategory matches criteria [is assignable to Object]
DEBUG main org.apache.ibatis.io.ResolverUtil - Checking to see if class com.css0115.pojo.Role matches criteria [is assignable to Object]
DEBUG main org.apache.ibatis.io.ResolverUtil - Checking to see if class com.css0115.pojo.Student matches criteria [is assignable to Object]
DEBUG main org.apache.ibatis.io.ResolverUtil - Checking to see if class com.css0115.pojo.Teacher matches criteria [is assignable to Object]
DEBUG main org.apache.ibatis.io.ResolverUtil - Checking to see if class com.css0115.pojo.User matches criteria [is assignable to Object]
DEBUG main org.apache.ibatis.datasource.pooled.PooledDataSource - PooledDataSource forcefully closed/removed all connections.
DEBUG main org.apache.ibatis.datasource.pooled.PooledDataSource - PooledDataSource forcefully closed/removed all connections.
DEBUG main org.apache.ibatis.datasource.pooled.PooledDataSource - PooledDataSource forcefully closed/removed all connections.
DEBUG main org.apache.ibatis.datasource.pooled.PooledDataSource - PooledDataSource forcefully closed/removed all connections.
DEBUG main org.apache.ibatis.transaction.jdbc.JdbcTransaction - Opening JDBC Connection
DEBUG main org.apache.ibatis.datasource.pooled.PooledDataSource - Created connection 581318631.
DEBUG main org.apache.ibatis.transaction.jdbc.JdbcTransaction - Setting autocommit to false on JDBC Connection [com.mysql.cj.jdbc.ConnectionImpl@22a637e7]
DEBUG main com.css0115.dao.TeacherMapper.getAllTeachers - ==>  Preparing: SELECT * FROM teacher WHERE id = ? ORDER BY id
DEBUG main com.css0115.dao.TeacherMapper.getAllTeachers - ==> Parameters: 1(Integer)
DEBUG main com.css0115.dao.TeacherMapper.getAllTeachers - <==      Total: 1
DEBUG main com.css0115.dao.StudentMapper.getAllStudent - ==>  Preparing: SELECT s.id, s.student_number, s.name, s.gender, s.create_time FROM student s JOIN teacher_student ts ON s.id = ts.student_id WHERE ts.teacher_id = ?
DEBUG main com.css0115.dao.StudentMapper.getAllStudent - ==> Parameters: 1(Integer)
DEBUG main com.css0115.dao.StudentMapper.getAllStudent - <==      Total: 9
DEBUG main org.apache.ibatis.transaction.jdbc.JdbcTransaction - Resetting autocommit to true on JDBC Connection [com.mysql.cj.jdbc.ConnectionImpl@22a637e7]
DEBUG main org.apache.ibatis.transaction.jdbc.JdbcTransaction - Closing JDBC Connection [com.mysql.cj.jdbc.ConnectionImpl@22a637e7]
DEBUG main org.apache.ibatis.datasource.pooled.PooledDataSource - Returned connection 581318631 to pool.
DEBUG main org.apache.ibatis.logging.LogFactory - Logging initialized using 'class org.apache.ibatis.logging.log4j.Log4jImpl' adapter.
DEBUG main org.apache.ibatis.io.VFS - Using VFS adapter org.apache.ibatis.io.JBoss6VFS
DEBUG main org.apache.ibatis.io.ResolverUtil - Checking to see if class com.css0115.pojo.IdCard matches criteria [is assignable to Object]
DEBUG main org.apache.ibatis.io.ResolverUtil - Checking to see if class com.css0115.pojo.Order matches criteria [is assignable to Object]
DEBUG main org.apache.ibatis.io.ResolverUtil - Checking to see if class com.css0115.pojo.Product matches criteria [is assignable to Object]
DEBUG main org.apache.ibatis.io.ResolverUtil - Checking to see if class com.css0115.pojo.ProductCategory matches criteria [is assignable to Object]
DEBUG main org.apache.ibatis.io.ResolverUtil - Checking to see if class com.css0115.pojo.Role matches criteria [is assignable to Object]
DEBUG main org.apache.ibatis.io.ResolverUtil - Checking to see if class com.css0115.pojo.Student matches criteria [is assignable to Object]
DEBUG main org.apache.ibatis.io.ResolverUtil - Checking to see if class com.css0115.pojo.Teacher matches criteria [is assignable to Object]
DEBUG main org.apache.ibatis.io.ResolverUtil - Checking to see if class com.css0115.pojo.User matches criteria [is assignable to Object]
DEBUG main org.apache.ibatis.datasource.pooled.PooledDataSource - PooledDataSource forcefully closed/removed all connections.
DEBUG main org.apache.ibatis.datasource.pooled.PooledDataSource - PooledDataSource forcefully closed/removed all connections.
DEBUG main org.apache.ibatis.datasource.pooled.PooledDataSource - PooledDataSource forcefully closed/removed all connections.
DEBUG main org.apache.ibatis.datasource.pooled.PooledDataSource - PooledDataSource forcefully closed/removed all connections.
DEBUG main org.apache.ibatis.transaction.jdbc.JdbcTransaction - Opening JDBC Connection
DEBUG main org.apache.ibatis.datasource.pooled.PooledDataSource - Created connection 581318631.
DEBUG main org.apache.ibatis.transaction.jdbc.JdbcTransaction - Setting autocommit to false on JDBC Connection [com.mysql.cj.jdbc.ConnectionImpl@22a637e7]
DEBUG main com.css0115.dao.TeacherMapper.getAllTeachers - ==>  Preparing: SELECT * FROM teacher WHERE id = ? ORDER BY id
DEBUG main com.css0115.dao.TeacherMapper.getAllTeachers - ==> Parameters: 1(Integer)
DEBUG main com.css0115.dao.TeacherMapper.getAllTeachers - <==      Total: 1
DEBUG main com.css0115.dao.StudentMapper.getAllStudent - ==>  Preparing: SELECT s.id, s.student_number, s.name, s.gender, s.create_time FROM student s JOIN teacher_student ts ON s.id = ts.student_id WHERE ts.teacher_id = ?
DEBUG main com.css0115.dao.StudentMapper.getAllStudent - ==> Parameters: 1(Integer)
DEBUG main com.css0115.dao.StudentMapper.getAllStudent - <==      Total: 9
DEBUG main org.apache.ibatis.transaction.jdbc.JdbcTransaction - Resetting autocommit to true on JDBC Connection [com.mysql.cj.jdbc.ConnectionImpl@22a637e7]
DEBUG main org.apache.ibatis.transaction.jdbc.JdbcTransaction - Closing JDBC Connection [com.mysql.cj.jdbc.ConnectionImpl@22a637e7]
DEBUG main org.apache.ibatis.datasource.pooled.PooledDataSource - Returned connection 581318631 to pool.
