DEBUG main org.apache.ibatis.logging.LogFactory - Logging initialized using 'class org.apache.ibatis.logging.log4j.Log4jImpl' adapter.
DEBUG main org.apache.ibatis.io.VFS - Using VFS adapter org.apache.ibatis.io.JBoss6VFS
DEBUG main org.apache.ibatis.io.ResolverUtil - Checking to see if class com.css0115.pojo.Role matches criteria [is assignable to Object]
DEBUG main org.apache.ibatis.io.ResolverUtil - Checking to see if class com.css0115.pojo.User matches criteria [is assignable to Object]
DEBUG main org.apache.ibatis.datasource.pooled.PooledDataSource - PooledDataSource forcefully closed/removed all connections.
DEBUG main org.apache.ibatis.datasource.pooled.PooledDataSource - PooledDataSource forcefully closed/removed all connections.
DEBUG main org.apache.ibatis.datasource.pooled.PooledDataSource - PooledDataSource forcefully closed/removed all connections.
DEBUG main org.apache.ibatis.datasource.pooled.PooledDataSource - PooledDataSource forcefully closed/removed all connections.
DEBUG main org.apache.ibatis.logging.LogFactory - Logging initialized using 'class org.apache.ibatis.logging.log4j.Log4jImpl' adapter.
DEBUG main org.apache.ibatis.io.VFS - Using VFS adapter org.apache.ibatis.io.JBoss6VFS
DEBUG main org.apache.ibatis.io.ResolverUtil - Checking to see if class com.css0115.pojo.Role matches criteria [is assignable to Object]
DEBUG main org.apache.ibatis.io.ResolverUtil - Checking to see if class com.css0115.pojo.User matches criteria [is assignable to Object]
DEBUG main org.apache.ibatis.datasource.pooled.PooledDataSource - PooledDataSource forcefully closed/removed all connections.
DEBUG main org.apache.ibatis.datasource.pooled.PooledDataSource - PooledDataSource forcefully closed/removed all connections.
DEBUG main org.apache.ibatis.datasource.pooled.PooledDataSource - PooledDataSource forcefully closed/removed all connections.
DEBUG main org.apache.ibatis.datasource.pooled.PooledDataSource - PooledDataSource forcefully closed/removed all connections.
DEBUG main org.apache.ibatis.logging.LogFactory - Logging initialized using 'class org.apache.ibatis.logging.log4j.Log4jImpl' adapter.
DEBUG main org.apache.ibatis.io.VFS - Using VFS adapter org.apache.ibatis.io.JBoss6VFS
DEBUG main org.apache.ibatis.io.ResolverUtil - Checking to see if class com.css0115.pojo.Role matches criteria [is assignable to Object]
DEBUG main org.apache.ibatis.io.ResolverUtil - Checking to see if class com.css0115.pojo.User matches criteria [is assignable to Object]
DEBUG main org.apache.ibatis.datasource.pooled.PooledDataSource - PooledDataSource forcefully closed/removed all connections.
DEBUG main org.apache.ibatis.datasource.pooled.PooledDataSource - PooledDataSource forcefully closed/removed all connections.
DEBUG main org.apache.ibatis.datasource.pooled.PooledDataSource - PooledDataSource forcefully closed/removed all connections.
DEBUG main org.apache.ibatis.datasource.pooled.PooledDataSource - PooledDataSource forcefully closed/removed all connections.
DEBUG main org.apache.ibatis.logging.LogFactory - Logging initialized using 'class org.apache.ibatis.logging.log4j.Log4jImpl' adapter.
DEBUG main org.apache.ibatis.io.VFS - Using VFS adapter org.apache.ibatis.io.JBoss6VFS
DEBUG main org.apache.ibatis.io.ResolverUtil - Checking to see if class com.css0115.pojo.Role matches criteria [is assignable to Object]
DEBUG main org.apache.ibatis.io.ResolverUtil - Checking to see if class com.css0115.pojo.User matches criteria [is assignable to Object]
DEBUG main org.apache.ibatis.datasource.pooled.PooledDataSource - PooledDataSource forcefully closed/removed all connections.
DEBUG main org.apache.ibatis.datasource.pooled.PooledDataSource - PooledDataSource forcefully closed/removed all connections.
DEBUG main org.apache.ibatis.datasource.pooled.PooledDataSource - PooledDataSource forcefully closed/removed all connections.
DEBUG main org.apache.ibatis.datasource.pooled.PooledDataSource - PooledDataSource forcefully closed/removed all connections.
DEBUG main org.apache.ibatis.logging.LogFactory - Logging initialized using 'class org.apache.ibatis.logging.log4j.Log4jImpl' adapter.
DEBUG main org.apache.ibatis.io.VFS - Using VFS adapter org.apache.ibatis.io.JBoss6VFS
DEBUG main org.apache.ibatis.io.ResolverUtil - Checking to see if class com.css0115.pojo.Role matches criteria [is assignable to Object]
DEBUG main org.apache.ibatis.io.ResolverUtil - Checking to see if class com.css0115.pojo.User matches criteria [is assignable to Object]
DEBUG main org.apache.ibatis.datasource.pooled.PooledDataSource - PooledDataSource forcefully closed/removed all connections.
DEBUG main org.apache.ibatis.datasource.pooled.PooledDataSource - PooledDataSource forcefully closed/removed all connections.
DEBUG main org.apache.ibatis.datasource.pooled.PooledDataSource - PooledDataSource forcefully closed/removed all connections.
DEBUG main org.apache.ibatis.datasource.pooled.PooledDataSource - PooledDataSource forcefully closed/removed all connections.
DEBUG main org.apache.ibatis.logging.LogFactory - Logging initialized using 'class org.apache.ibatis.logging.log4j.Log4jImpl' adapter.
DEBUG main org.apache.ibatis.io.VFS - Using VFS adapter org.apache.ibatis.io.JBoss6VFS
DEBUG main org.apache.ibatis.io.ResolverUtil - Checking to see if class com.css0115.pojo.Role matches criteria [is assignable to Object]
DEBUG main org.apache.ibatis.io.ResolverUtil - Checking to see if class com.css0115.pojo.User matches criteria [is assignable to Object]
DEBUG main org.apache.ibatis.datasource.pooled.PooledDataSource - PooledDataSource forcefully closed/removed all connections.
DEBUG main org.apache.ibatis.datasource.pooled.PooledDataSource - PooledDataSource forcefully closed/removed all connections.
DEBUG main org.apache.ibatis.datasource.pooled.PooledDataSource - PooledDataSource forcefully closed/removed all connections.
DEBUG main org.apache.ibatis.datasource.pooled.PooledDataSource - PooledDataSource forcefully closed/removed all connections.
DEBUG main org.apache.ibatis.logging.LogFactory - Logging initialized using 'class org.apache.ibatis.logging.log4j.Log4jImpl' adapter.
DEBUG main org.apache.ibatis.io.VFS - Using VFS adapter org.apache.ibatis.io.JBoss6VFS
DEBUG main org.apache.ibatis.io.ResolverUtil - Checking to see if class com.css0115.pojo.IdCard matches criteria [is assignable to Object]
DEBUG main org.apache.ibatis.io.ResolverUtil - Checking to see if class com.css0115.pojo.Role matches criteria [is assignable to Object]
DEBUG main org.apache.ibatis.io.ResolverUtil - Checking to see if class com.css0115.pojo.User matches criteria [is assignable to Object]
DEBUG main org.apache.ibatis.datasource.pooled.PooledDataSource - PooledDataSource forcefully closed/removed all connections.
DEBUG main org.apache.ibatis.datasource.pooled.PooledDataSource - PooledDataSource forcefully closed/removed all connections.
DEBUG main org.apache.ibatis.datasource.pooled.PooledDataSource - PooledDataSource forcefully closed/removed all connections.
DEBUG main org.apache.ibatis.datasource.pooled.PooledDataSource - PooledDataSource forcefully closed/removed all connections.
DEBUG main org.apache.ibatis.transaction.jdbc.JdbcTransaction - Opening JDBC Connection
DEBUG main org.apache.ibatis.datasource.pooled.PooledDataSource - Created connection 343856911.
DEBUG main org.apache.ibatis.transaction.jdbc.JdbcTransaction - Setting autocommit to false on JDBC Connection [com.mysql.cj.jdbc.ConnectionImpl@147ed70f]
DEBUG main com.css0115.dao.UserMapper.getUserListByRoleId - ==>  Preparing: select u.*,r.id as r_id,r.roleCode,r.roleName from tb_user u,tb_role r where u.userRole = ? and u.userRole = r.id
DEBUG main com.css0115.dao.UserMapper.getUserListByRoleId - ==> Parameters: 3(Integer)
DEBUG main com.css0115.dao.UserMapper.getUserListByRoleId - <==      Total: 8
DEBUG main org.apache.ibatis.transaction.jdbc.JdbcTransaction - Resetting autocommit to true on JDBC Connection [com.mysql.cj.jdbc.ConnectionImpl@147ed70f]
DEBUG main org.apache.ibatis.transaction.jdbc.JdbcTransaction - Closing JDBC Connection [com.mysql.cj.jdbc.ConnectionImpl@147ed70f]
DEBUG main org.apache.ibatis.datasource.pooled.PooledDataSource - Returned connection 343856911 to pool.
DEBUG main org.apache.ibatis.logging.LogFactory - Logging initialized using 'class org.apache.ibatis.logging.log4j.Log4jImpl' adapter.
DEBUG main org.apache.ibatis.io.VFS - Using VFS adapter org.apache.ibatis.io.JBoss6VFS
DEBUG main org.apache.ibatis.io.ResolverUtil - Checking to see if class com.css0115.pojo.IdCard matches criteria [is assignable to Object]
DEBUG main org.apache.ibatis.io.ResolverUtil - Checking to see if class com.css0115.pojo.Role matches criteria [is assignable to Object]
DEBUG main org.apache.ibatis.io.ResolverUtil - Checking to see if class com.css0115.pojo.User matches criteria [is assignable to Object]
DEBUG main org.apache.ibatis.datasource.pooled.PooledDataSource - PooledDataSource forcefully closed/removed all connections.
DEBUG main org.apache.ibatis.datasource.pooled.PooledDataSource - PooledDataSource forcefully closed/removed all connections.
DEBUG main org.apache.ibatis.datasource.pooled.PooledDataSource - PooledDataSource forcefully closed/removed all connections.
DEBUG main org.apache.ibatis.datasource.pooled.PooledDataSource - PooledDataSource forcefully closed/removed all connections.
DEBUG main org.apache.ibatis.logging.LogFactory - Logging initialized using 'class org.apache.ibatis.logging.log4j.Log4jImpl' adapter.
DEBUG main org.apache.ibatis.io.VFS - Using VFS adapter org.apache.ibatis.io.JBoss6VFS
DEBUG main org.apache.ibatis.io.ResolverUtil - Checking to see if class com.css0115.pojo.IdCard matches criteria [is assignable to Object]
DEBUG main org.apache.ibatis.io.ResolverUtil - Checking to see if class com.css0115.pojo.Role matches criteria [is assignable to Object]
DEBUG main org.apache.ibatis.io.ResolverUtil - Checking to see if class com.css0115.pojo.User matches criteria [is assignable to Object]
DEBUG main org.apache.ibatis.datasource.pooled.PooledDataSource - PooledDataSource forcefully closed/removed all connections.
DEBUG main org.apache.ibatis.datasource.pooled.PooledDataSource - PooledDataSource forcefully closed/removed all connections.
DEBUG main org.apache.ibatis.datasource.pooled.PooledDataSource - PooledDataSource forcefully closed/removed all connections.
DEBUG main org.apache.ibatis.datasource.pooled.PooledDataSource - PooledDataSource forcefully closed/removed all connections.
DEBUG main org.apache.ibatis.logging.LogFactory - Logging initialized using 'class org.apache.ibatis.logging.log4j.Log4jImpl' adapter.
DEBUG main org.apache.ibatis.io.VFS - Using VFS adapter org.apache.ibatis.io.JBoss6VFS
DEBUG main org.apache.ibatis.io.ResolverUtil - Checking to see if class com.css0115.pojo.IdCard matches criteria [is assignable to Object]
DEBUG main org.apache.ibatis.io.ResolverUtil - Checking to see if class com.css0115.pojo.Role matches criteria [is assignable to Object]
DEBUG main org.apache.ibatis.io.ResolverUtil - Checking to see if class com.css0115.pojo.User matches criteria [is assignable to Object]
DEBUG main org.apache.ibatis.datasource.pooled.PooledDataSource - PooledDataSource forcefully closed/removed all connections.
DEBUG main org.apache.ibatis.datasource.pooled.PooledDataSource - PooledDataSource forcefully closed/removed all connections.
DEBUG main org.apache.ibatis.datasource.pooled.PooledDataSource - PooledDataSource forcefully closed/removed all connections.
DEBUG main org.apache.ibatis.datasource.pooled.PooledDataSource - PooledDataSource forcefully closed/removed all connections.
DEBUG main org.apache.ibatis.logging.LogFactory - Logging initialized using 'class org.apache.ibatis.logging.log4j.Log4jImpl' adapter.
DEBUG main org.apache.ibatis.io.VFS - Using VFS adapter org.apache.ibatis.io.JBoss6VFS
DEBUG main org.apache.ibatis.io.ResolverUtil - Checking to see if class com.css0115.pojo.IdCard matches criteria [is assignable to Object]
DEBUG main org.apache.ibatis.io.ResolverUtil - Checking to see if class com.css0115.pojo.Role matches criteria [is assignable to Object]
DEBUG main org.apache.ibatis.io.ResolverUtil - Checking to see if class com.css0115.pojo.User matches criteria [is assignable to Object]
DEBUG main org.apache.ibatis.datasource.pooled.PooledDataSource - PooledDataSource forcefully closed/removed all connections.
DEBUG main org.apache.ibatis.datasource.pooled.PooledDataSource - PooledDataSource forcefully closed/removed all connections.
DEBUG main org.apache.ibatis.datasource.pooled.PooledDataSource - PooledDataSource forcefully closed/removed all connections.
DEBUG main org.apache.ibatis.datasource.pooled.PooledDataSource - PooledDataSource forcefully closed/removed all connections.
DEBUG main org.apache.ibatis.logging.LogFactory - Logging initialized using 'class org.apache.ibatis.logging.log4j.Log4jImpl' adapter.
DEBUG main org.apache.ibatis.io.VFS - Using VFS adapter org.apache.ibatis.io.JBoss6VFS
DEBUG main org.apache.ibatis.io.ResolverUtil - Checking to see if class com.css0115.pojo.IdCard matches criteria [is assignable to Object]
DEBUG main org.apache.ibatis.io.ResolverUtil - Checking to see if class com.css0115.pojo.Role matches criteria [is assignable to Object]
DEBUG main org.apache.ibatis.io.ResolverUtil - Checking to see if class com.css0115.pojo.User matches criteria [is assignable to Object]
DEBUG main org.apache.ibatis.datasource.pooled.PooledDataSource - PooledDataSource forcefully closed/removed all connections.
DEBUG main org.apache.ibatis.datasource.pooled.PooledDataSource - PooledDataSource forcefully closed/removed all connections.
DEBUG main org.apache.ibatis.datasource.pooled.PooledDataSource - PooledDataSource forcefully closed/removed all connections.
DEBUG main org.apache.ibatis.datasource.pooled.PooledDataSource - PooledDataSource forcefully closed/removed all connections.
DEBUG main org.apache.ibatis.transaction.jdbc.JdbcTransaction - Opening JDBC Connection
DEBUG main org.apache.ibatis.datasource.pooled.PooledDataSource - Created connection 343856911.
DEBUG main org.apache.ibatis.transaction.jdbc.JdbcTransaction - Setting autocommit to false on JDBC Connection [com.mysql.cj.jdbc.ConnectionImpl@147ed70f]
DEBUG main com.css0115.dao.IdCardMapper.findCodeById2 - ==>  Preparing: SELECT u.* ,c.id cid ,c.code FROM tb_user u, tb_idcard c WHERE u.id=c.uid AND c.uid= ?
DEBUG main com.css0115.dao.IdCardMapper.findCodeById2 - ==> Parameters: 3(Integer)
DEBUG main com.css0115.dao.IdCardMapper.findCodeById2 - <==      Total: 1
DEBUG main org.apache.ibatis.transaction.jdbc.JdbcTransaction - Resetting autocommit to true on JDBC Connection [com.mysql.cj.jdbc.ConnectionImpl@147ed70f]
DEBUG main org.apache.ibatis.transaction.jdbc.JdbcTransaction - Closing JDBC Connection [com.mysql.cj.jdbc.ConnectionImpl@147ed70f]
DEBUG main org.apache.ibatis.datasource.pooled.PooledDataSource - Returned connection 343856911 to pool.
